Wed Mar  9 04:59:28 2016 - ...gracefully killing workers...
Wed Mar  9 04:59:28 2016 - Gracefully killing worker 2 (pid: 11477)...
Wed Mar  9 04:59:28 2016 - Gracefully killing worker 1 (pid: 11476)...
Wed Mar  9 04:59:28 2016 - Gracefully killing worker 3 (pid: 11478)...
Wed Mar  9 04:59:28 2016 - Gracefully killing worker 4 (pid: 11479)...
Internal Server Error: /ticket/trade/train/
Traceback (most recent call last):
  File "/usr/local/lib/python2.7/dist-packages/django/core/handlers/base.py", line 149, in get_response
    response = self.process_exception_by_middleware(e, request)
  File "/usr/local/lib/python2.7/dist-packages/django/core/handlers/base.py", line 147, in get_response
    response = wrapped_callback(request, *callback_args, **callback_kwargs)
  File "/usr/local/lib/python2.7/dist-packages/django/contrib/auth/decorators.py", line 23, in _wrapped_view
    return view_func(request, *args, **kwargs)
  File "./tickets/views.py", line 195, in trade
    return HttpResponse(request.GET+request.method+"")
TypeError: unsupported operand type(s) for +: 'QueryDict' and 'str'
[pid: 11477|app: 0|req: 1/5] 49.140.62.120 () {52 vars in 1017 bytes} [Wed Mar  9 04:59:28 2016] POST /ticket/trade/train/ => generated 63669 bytes in 151 msecs (HTTP/1.1 500) 3 headers in 106 bytes (1 switches on core 0)
Wed Mar  9 04:59:29 2016 - worker 1 buried after 1 seconds
Wed Mar  9 04:59:29 2016 - worker 2 buried after 1 seconds
Wed Mar  9 04:59:29 2016 - worker 3 buried after 1 seconds
Wed Mar  9 04:59:29 2016 - worker 4 buried after 1 seconds
Wed Mar  9 04:59:29 2016 - binary reloading uWSGI...
Wed Mar  9 04:59:29 2016 - chdir() to /home/seven/Code/DjangoProjects/TicketManagementSystem
Wed Mar  9 04:59:29 2016 - closing all non-uwsgi socket fds > 2 (max_fd = 1024)...
Wed Mar  9 04:59:29 2016 - found fd 3 mapped to socket 0 (TicketManagementSystem.sock)
Wed Mar  9 04:59:29 2016 - found fd 4 mapped to socket 1 (/home/seven/Code/DjangoProjects/TicketManagementSystem/TicketManagementSystem.sock)
Wed Mar  9 04:59:29 2016 - running /usr/local/bin/uwsgi
[uWSGI] parsing config file TMS_temp.xml
Wed Mar  9 04:59:29 2016 - *** Starting uWSGI 2.0.11.2 (64bit) on [Wed Mar  9 04:59:29 2016] ***
Wed Mar  9 04:59:29 2016 - compiled with version: 5.2.1 20151010 on 02 December 2015 17:57:31
Wed Mar  9 04:59:29 2016 - os: Linux-4.2.0-30-generic #36-Ubuntu SMP Fri Feb 26 00:58:07 UTC 2016
Wed Mar  9 04:59:29 2016 - nodename: Kubuntu
Wed Mar  9 04:59:29 2016 - machine: x86_64
Wed Mar  9 04:59:29 2016 - clock source: unix
Wed Mar  9 04:59:29 2016 - detected number of CPU cores: 4
Wed Mar  9 04:59:29 2016 - current working directory: /home/seven/Code/DjangoProjects/TicketManagementSystem
Wed Mar  9 04:59:29 2016 - detected binary path: /usr/local/bin/uwsgi
Wed Mar  9 04:59:29 2016 - !!! no internal routing support, rebuild with pcre support !!!
Wed Mar  9 04:59:29 2016 - your processes number limit is 15201
Wed Mar  9 04:59:29 2016 - your memory page size is 4096 bytes
Wed Mar  9 04:59:29 2016 - detected max file descriptor number: 1024
Wed Mar  9 04:59:29 2016 - lock engine: pthread robust mutexes
Wed Mar  9 04:59:29 2016 - thunder lock: disabled (you can enable it with --thunder-lock)
Wed Mar  9 04:59:29 2016 - uwsgi socket 0 inherited UNIX address TicketManagementSystem.sock fd 3
Wed Mar  9 04:59:29 2016 - uwsgi socket 1 inherited UNIX address /home/seven/Code/DjangoProjects/TicketManagementSystem/TicketManagementSystem.sock fd 4
Wed Mar  9 04:59:29 2016 - Python version: 2.7.10 (default, Oct 14 2015, 16:09:02)  [GCC 5.2.1 20151010]
Wed Mar  9 04:59:29 2016 - Python main interpreter initialized at 0x23b3e80
Wed Mar  9 04:59:29 2016 - python threads support enabled
Wed Mar  9 04:59:29 2016 - your server socket listen backlog is limited to 100 connections
Wed Mar  9 04:59:29 2016 - your mercy for graceful operations on workers is 60 seconds
Wed Mar  9 04:59:29 2016 - mapped 363800 bytes (355 KB) for 4 cores
Wed Mar  9 04:59:29 2016 - *** Operational MODE: preforking ***
Wed Mar  9 04:59:29 2016 - [uwsgi-signal] signum 0 registered (wid: 0 modifier1: 0 target: default, any worker)
Wed Mar  9 04:59:29 2016 - WSGI app 0 (mountpoint='') ready in 0 seconds on interpreter 0x23b3e80 pid: 2546 (default app)
Wed Mar  9 04:59:29 2016 - mountpoint  already configured. skip.
Wed Mar  9 04:59:29 2016 - *** uWSGI is running in multiple interpreter mode ***
Wed Mar  9 04:59:29 2016 - gracefully (RE)spawned uWSGI master process (pid: 2546)
Wed Mar  9 04:59:29 2016 - spawned uWSGI worker 1 (pid: 11617, cores: 1)
Wed Mar  9 04:59:29 2016 - spawned uWSGI worker 2 (pid: 11618, cores: 1)
Wed Mar  9 04:59:29 2016 - spawned uWSGI worker 3 (pid: 11619, cores: 1)
Wed Mar  9 04:59:29 2016 - spawned uWSGI worker 4 (pid: 11620, cores: 1)
Internal Server Error: /ticket/trade/train/
Traceback (most recent call last):
  File "/usr/local/lib/python2.7/dist-packages/django/core/handlers/base.py", line 149, in get_response
    response = self.process_exception_by_middleware(e, request)
  File "/usr/local/lib/python2.7/dist-packages/django/core/handlers/base.py", line 147, in get_response
    response = wrapped_callback(request, *callback_args, **callback_kwargs)
  File "/usr/local/lib/python2.7/dist-packages/django/contrib/auth/decorators.py", line 23, in _wrapped_view
    return view_func(request, *args, **kwargs)
  File "./tickets/views.py", line 184, in trade
    return HttpResponse(request.GET+request.method+"")
TypeError: unsupported operand type(s) for +: 'QueryDict' and 'str'
[pid: 11619|app: 0|req: 1/1] 49.140.62.120 () {52 vars in 1017 bytes} [Wed Mar  9 05:00:56 2016] POST /ticket/trade/train/ => generated 63633 bytes in 165 msecs (HTTP/1.1 500) 3 headers in 106 bytes (1 switches on core 0)
/usr/local/lib/python2.7/dist-packages/django/shortcuts.py:45: RemovedInDjango110Warning: The context_instance argument of render_to_string is deprecated.
  using=using)

/usr/lib/python2.7/importlib/__init__.py:37: RemovedInDjango110Warning: django.core.context_processors is deprecated in favor of django.template.context_processors.
  __import__(name)

[pid: 11619|app: 0|req: 2/2] 49.140.62.120 () {44 vars in 795 bytes} [Wed Mar  9 05:04:19 2016] GET / => generated 823 bytes in 31 msecs (HTTP/1.1 200) 5 headers in 202 bytes (1 switches on core 0)
Wed Mar  9 05:04:23 2016 - ...gracefully killing workers...
Wed Mar  9 05:04:23 2016 - Gracefully killing worker 2 (pid: 11618)...
Wed Mar  9 05:04:23 2016 - Gracefully killing worker 1 (pid: 11617)...
Wed Mar  9 05:04:23 2016 - Gracefully killing worker 3 (pid: 11619)...
Wed Mar  9 05:04:23 2016 - Gracefully killing worker 4 (pid: 11620)...
Wed Mar  9 05:04:24 2016 - worker 1 buried after 1 seconds
Wed Mar  9 05:04:24 2016 - worker 2 buried after 1 seconds
Wed Mar  9 05:04:24 2016 - worker 3 buried after 1 seconds
Wed Mar  9 05:04:24 2016 - worker 4 buried after 1 seconds
Wed Mar  9 05:04:24 2016 - binary reloading uWSGI...
Wed Mar  9 05:04:24 2016 - chdir() to /home/seven/Code/DjangoProjects/TicketManagementSystem
Wed Mar  9 05:04:24 2016 - closing all non-uwsgi socket fds > 2 (max_fd = 1024)...
Wed Mar  9 05:04:24 2016 - found fd 3 mapped to socket 0 (TicketManagementSystem.sock)
Wed Mar  9 05:04:24 2016 - found fd 4 mapped to socket 1 (/home/seven/Code/DjangoProjects/TicketManagementSystem/TicketManagementSystem.sock)
Wed Mar  9 05:04:24 2016 - running /usr/local/bin/uwsgi
[uWSGI] parsing config file TMS_temp.xml
Wed Mar  9 05:04:24 2016 - *** Starting uWSGI 2.0.11.2 (64bit) on [Wed Mar  9 05:04:24 2016] ***
Wed Mar  9 05:04:24 2016 - compiled with version: 5.2.1 20151010 on 02 December 2015 17:57:31
Wed Mar  9 05:04:24 2016 - os: Linux-4.2.0-30-generic #36-Ubuntu SMP Fri Feb 26 00:58:07 UTC 2016
Wed Mar  9 05:04:24 2016 - nodename: Kubuntu
Wed Mar  9 05:04:24 2016 - machine: x86_64
Wed Mar  9 05:04:24 2016 - clock source: unix
Wed Mar  9 05:04:24 2016 - detected number of CPU cores: 4
Wed Mar  9 05:04:24 2016 - current working directory: /home/seven/Code/DjangoProjects/TicketManagementSystem
Wed Mar  9 05:04:24 2016 - detected binary path: /usr/local/bin/uwsgi
Wed Mar  9 05:04:24 2016 - !!! no internal routing support, rebuild with pcre support !!!
Wed Mar  9 05:04:24 2016 - your processes number limit is 15201
Wed Mar  9 05:04:24 2016 - your memory page size is 4096 bytes
Wed Mar  9 05:04:24 2016 - detected max file descriptor number: 1024
Wed Mar  9 05:04:24 2016 - lock engine: pthread robust mutexes
Wed Mar  9 05:04:24 2016 - thunder lock: disabled (you can enable it with --thunder-lock)
Wed Mar  9 05:04:24 2016 - uwsgi socket 0 inherited UNIX address TicketManagementSystem.sock fd 3
Wed Mar  9 05:04:24 2016 - uwsgi socket 1 inherited UNIX address /home/seven/Code/DjangoProjects/TicketManagementSystem/TicketManagementSystem.sock fd 4
Wed Mar  9 05:04:24 2016 - Python version: 2.7.10 (default, Oct 14 2015, 16:09:02)  [GCC 5.2.1 20151010]
Wed Mar  9 05:04:24 2016 - Python main interpreter initialized at 0x1619e80
Wed Mar  9 05:04:24 2016 - python threads support enabled
Wed Mar  9 05:04:24 2016 - your server socket listen backlog is limited to 100 connections
Wed Mar  9 05:04:24 2016 - your mercy for graceful operations on workers is 60 seconds
Wed Mar  9 05:04:24 2016 - mapped 363800 bytes (355 KB) for 4 cores
Wed Mar  9 05:04:24 2016 - *** Operational MODE: preforking ***
Wed Mar  9 05:04:24 2016 - [uwsgi-signal] signum 0 registered (wid: 0 modifier1: 0 target: default, any worker)
Wed Mar  9 05:04:24 2016 - WSGI app 0 (mountpoint='') ready in 0 seconds on interpreter 0x1619e80 pid: 2546 (default app)
Wed Mar  9 05:04:24 2016 - mountpoint  already configured. skip.
Wed Mar  9 05:04:24 2016 - *** uWSGI is running in multiple interpreter mode ***
Wed Mar  9 05:04:24 2016 - gracefully (RE)spawned uWSGI master process (pid: 2546)
Wed Mar  9 05:04:24 2016 - spawned uWSGI worker 1 (pid: 12121, cores: 1)
Wed Mar  9 05:04:24 2016 - spawned uWSGI worker 2 (pid: 12122, cores: 1)
Wed Mar  9 05:04:24 2016 - spawned uWSGI worker 3 (pid: 12123, cores: 1)
Wed Mar  9 05:04:24 2016 - spawned uWSGI worker 4 (pid: 12124, cores: 1)
/usr/local/lib/python2.7/dist-packages/django/shortcuts.py:45: RemovedInDjango110Warning: The context_instance argument of render_to_string is deprecated.
  using=using)

/usr/lib/python2.7/importlib/__init__.py:37: RemovedInDjango110Warning: django.core.context_processors is deprecated in favor of django.template.context_processors.
  __import__(name)

[pid: 12124|app: 0|req: 1/1] 49.140.62.120 () {46 vars in 904 bytes} [Wed Mar  9 05:04:30 2016] GET /ticket/reserve/?serial=K125 => generated 11800 bytes in 125 msecs (HTTP/1.1 200) 6 headers in 216 bytes (1 switches on core 0)
[pid: 12124|app: 0|req: 2/2] 49.140.62.120 () {52 vars in 1017 bytes} [Wed Mar  9 05:04:43 2016] POST /ticket/trade/train/ => generated 0 bytes in 195 msecs (HTTP/1.1 302) 4 headers in 135 bytes (2 switches on core 0)
/usr/local/lib/python2.7/dist-packages/django/shortcuts.py:45: RemovedInDjango110Warning: The context_instance argument of render_to_string is deprecated.
  using=using)

/usr/lib/python2.7/importlib/__init__.py:37: RemovedInDjango110Warning: django.core.context_processors is deprecated in favor of django.template.context_processors.
  __import__(name)

[pid: 12121|app: 0|req: 1/3] 49.140.62.120 () {48 vars in 924 bytes} [Wed Mar  9 05:04:43 2016] GET /account/personal/ => generated 22847 bytes in 115 msecs (HTTP/1.1 200) 6 headers in 214 bytes (1 switches on core 0)
[pid: 12123|app: 0|req: 1/4] 49.140.62.120 () {44 vars in 952 bytes} [Wed Mar  9 05:04:47 2016] GET /ticket/cancel/?t_type=train&serial=K125&genre_type=%E5%8D%A7%E9%93%BA+%E6%88%90%E4%BA%BA%E7%A5%A8&_=1457521483857 => generated 8 bytes in 97 msecs (HTTP/1.1 200) 6 headers in 216 bytes (1 switches on core 0)
/usr/local/lib/python2.7/dist-packages/django/shortcuts.py:45: RemovedInDjango110Warning: The context_instance argument of render_to_string is deprecated.
  using=using)

/usr/lib/python2.7/importlib/__init__.py:37: RemovedInDjango110Warning: django.core.context_processors is deprecated in favor of django.template.context_processors.
  __import__(name)

[pid: 12123|app: 0|req: 2/5] 49.140.62.120 () {48 vars in 914 bytes} [Wed Mar  9 05:04:47 2016] GET /account/personal/ => generated 22076 bytes in 70 msecs (HTTP/1.1 200) 6 headers in 214 bytes (1 switches on core 0)
[pid: 12124|app: 0|req: 3/6] 49.140.62.120 () {46 vars in 833 bytes} [Wed Mar  9 05:04:47 2016] GET /account/diag_code => generated 1675 bytes in 102 msecs (HTTP/1.1 200) 7 headers in 332 bytes (1 switches on core 0)
[pid: 12124|app: 0|req: 4/7] 49.140.62.120 () {46 vars in 983 bytes} [Wed Mar  9 05:04:48 2016] GET /ticket/cancel/?t_type=train&serial=K125&genre_type=%E7%A1%AC%E5%BA%A7+%E6%88%90%E4%BA%BA%E7%A5%A8&_=1457521487925 => generated 8 bytes in 208 msecs (HTTP/1.1 200) 6 headers in 216 bytes (1 switches on core 0)
[pid: 12124|app: 0|req: 5/8] 49.140.62.120 () {48 vars in 914 bytes} [Wed Mar  9 05:04:48 2016] GET /account/personal/ => generated 21305 bytes in 61 msecs (HTTP/1.1 200) 6 headers in 214 bytes (1 switches on core 0)
Wed Mar  9 05:04:48 2016 - uwsgi_response_writev_headers_and_body_do(): Broken pipe [core/writer.c line 296] during GET /account/avatar/ (49.140.62.120)
IOError: write error
[pid: 12123|app: 0|req: 3/9] 49.140.62.120 () {46 vars in 829 bytes} [Wed Mar  9 05:04:47 2016] GET /account/avatar/ => generated 0 bytes in 1048 msecs (HTTP/1.1 200) 6 headers in 0 bytes (0 switches on core 0)
[pid: 12122|app: 0|req: 1/10] 49.140.62.120 () {46 vars in 833 bytes} [Wed Mar  9 05:04:48 2016] GET /account/diag_code => generated 1608 bytes in 170 msecs (HTTP/1.1 200) 7 headers in 332 bytes (1 switches on core 0)
[pid: 12122|app: 0|req: 2/11] 49.140.62.120 () {46 vars in 983 bytes} [Wed Mar  9 05:04:49 2016] GET /ticket/cancel/?t_type=train&serial=K125&genre_type=%E5%8D%A7%E9%93%BA+%E5%84%BF%E7%AB%A5%E7%A5%A8&_=1457521488887 => generated 8 bytes in 65 msecs (HTTP/1.1 200) 6 headers in 216 bytes (1 switches on core 0)
[pid: 12124|app: 0|req: 6/12] 49.140.62.120 () {48 vars in 914 bytes} [Wed Mar  9 05:04:49 2016] GET /account/personal/ => generated 20534 bytes in 58 msecs (HTTP/1.1 200) 6 headers in 214 bytes (1 switches on core 0)
Wed Mar  9 05:04:49 2016 - uwsgi_response_writev_headers_and_body_do(): Broken pipe [core/writer.c line 296] during GET /account/avatar/ (49.140.62.120)
IOError: write error
[pid: 12121|app: 0|req: 2/13] 49.140.62.120 () {44 vars in 774 bytes} [Wed Mar  9 05:04:48 2016] GET /account/avatar/ => generated 0 bytes in 988 msecs (HTTP/1.1 200) 6 headers in 0 bytes (0 switches on core 0)
[pid: 12124|app: 0|req: 7/14] 49.140.62.120 () {46 vars in 833 bytes} [Wed Mar  9 05:04:49 2016] GET /account/diag_code => generated 1675 bytes in 1 msecs (HTTP/1.1 200) 7 headers in 332 bytes (1 switches on core 0)
[pid: 12123|app: 0|req: 4/15] 49.140.62.120 () {44 vars in 774 bytes} [Wed Mar  9 05:04:49 2016] GET /account/avatar/ => generated 2259324 bytes in 5 msecs (HTTP/1.1 200) 6 headers in 201 bytes (2 switches on core 0)
[pid: 12123|app: 0|req: 5/16] 49.140.62.120 () {46 vars in 883 bytes} [Wed Mar  9 05:05:28 2016] GET /account/personal/ => generated 20534 bytes in 47 msecs (HTTP/1.1 200) 6 headers in 214 bytes (1 switches on core 0)
[pid: 12124|app: 0|req: 8/17] 49.140.62.120 () {46 vars in 859 bytes} [Wed Mar  9 05:05:30 2016] GET /index => generated 7078 bytes in 29 msecs (HTTP/1.1 200) 6 headers in 216 bytes (1 switches on core 0)
[pid: 12124|app: 0|req: 9/18] 49.140.62.120 () {46 vars in 875 bytes} [Wed Mar  9 05:05:31 2016] GET /ticket/train/query/ => generated 11087 bytes in 25 msecs (HTTP/1.1 200) 6 headers in 216 bytes (1 switches on core 0)
[pid: 12123|app: 0|req: 6/19] 49.140.62.120 () {46 vars in 1008 bytes} [Wed Mar  9 05:05:39 2016] GET /ticket/train/ajax_get/?start=%E9%95%BF%E6%98%A5&terminus=%E5%8C%97%E4%BA%AC&date=2016-04-01 => generated 412 bytes in 34 msecs (HTTP/1.1 200) 5 headers in 202 bytes (1 switches on core 0)
[pid: 12122|app: 0|req: 3/20] 49.140.62.120 () {52 vars in 1017 bytes} [Wed Mar  9 05:05:46 2016] POST /ticket/trade/train/ => generated 0 bytes in 72 msecs (HTTP/1.1 302) 4 headers in 135 bytes (1 switches on core 0)
/usr/local/lib/python2.7/dist-packages/django/shortcuts.py:45: RemovedInDjango110Warning: The context_instance argument of render_to_string is deprecated.
  using=using)

/usr/lib/python2.7/importlib/__init__.py:37: RemovedInDjango110Warning: django.core.context_processors is deprecated in favor of django.template.context_processors.
  __import__(name)

[pid: 12122|app: 0|req: 4/21] 49.140.62.120 () {48 vars in 924 bytes} [Wed Mar  9 05:05:47 2016] GET /account/personal/ => generated 21305 bytes in 58 msecs (HTTP/1.1 200) 6 headers in 214 bytes (1 switches on core 0)
[pid: 12124|app: 0|req: 10/22] 49.140.62.120 () {44 vars in 946 bytes} [Wed Mar  9 05:05:49 2016] GET /ticket/pay/?t_type=train&serial=K125&genre_type=%E5%8D%A7%E9%93%BA+%E5%84%BF%E7%AB%A5%E7%A5%A8&_=1457521547181 => generated 5 bytes in 77 msecs (HTTP/1.1 200) 6 headers in 216 bytes (1 switches on core 0)
[pid: 12123|app: 0|req: 7/23] 49.140.62.120 () {48 vars in 914 bytes} [Wed Mar  9 05:05:49 2016] GET /account/personal/ => generated 20880 bytes in 54 msecs (HTTP/1.1 200) 6 headers in 214 bytes (1 switches on core 0)
[pid: 12124|app: 0|req: 11/24] 49.140.62.120 () {46 vars in 833 bytes} [Wed Mar  9 05:05:49 2016] GET /account/diag_code => generated 1675 bytes in 1 msecs (HTTP/1.1 200) 7 headers in 332 bytes (1 switches on core 0)
[pid: 12124|app: 0|req: 12/25] 49.140.62.120 () {46 vars in 829 bytes} [Wed Mar  9 05:05:49 2016] GET /account/avatar/ => generated 2259324 bytes in 1017 msecs (HTTP/1.1 200) 6 headers in 201 bytes (8 switches on core 0)
