Linux 3.19.0-28-generic (ubuntu) 	09/21/2015 	_x86_64_	(4 CPU)

12:11:19 PM       LINUX RESTART	(4 CPU)

12:15:01 PM     CPU     %user     %nice   %system   %iowait    %steal     %idle
12:25:01 PM     all      0.54      0.00      0.44      0.27      0.00     98.75
12:35:01 PM     all      0.52      0.00      0.44      0.02      0.00     99.03
12:45:01 PM     all      0.52      0.15      0.94      4.19      0.00     94.20
12:55:01 PM     all      0.64      0.06      0.40      0.03      0.00     98.87
01:05:01 PM     all      0.56      0.00      0.38      0.02      0.00     99.04
Average:        all      0.55      0.04      0.52      0.90      0.00     97.98
Linux 3.19.0-28-generic (ubuntu) 	09/21/2015 	_x86_64_	(4 CPU)

12:11:19 PM       LINUX RESTART	(4 CPU)

12:15:01 PM     CPU     %user     %nice   %system   %iowait    %steal     %idle
12:25:01 PM     all      0.54      0.00      0.44      0.27      0.00     98.75
12:35:01 PM     all      0.52      0.00      0.44      0.02      0.00     99.03
12:45:01 PM     all      0.52      0.15      0.94      4.19      0.00     94.20
12:55:01 PM     all      0.64      0.06      0.40      0.03      0.00     98.87
01:05:01 PM     all      0.56      0.00      0.38      0.02      0.00     99.04
Average:        all      0.55      0.04      0.52      0.90      0.00     97.98
Linux 3.19.0-28-generic (ubuntu) 	09/21/2015 	_x86_64_	(4 CPU)

12:11:19 PM       LINUX RESTART	(4 CPU)

12:15:01 PM     CPU     %user     %nice   %system   %iowait    %steal     %idle
12:25:01 PM     all      0.54      0.00      0.44      0.27      0.00     98.75
12:35:01 PM     all      0.52      0.00      0.44      0.02      0.00     99.03
12:45:01 PM     all      0.52      0.15      0.94      4.19      0.00     94.20
12:55:01 PM     all      0.64      0.06      0.40      0.03      0.00     98.87
01:05:01 PM     all      0.56      0.00      0.38      0.02      0.00     99.04
01:15:01 PM     all      0.72      0.00      0.48      0.01      0.00     98.80
Average:        all      0.58      0.03      0.51      0.76      0.00     98.12
